2018-01-14 12:50:42 INFO  [main] client.TestView: client.Controller@568bf312
2018-01-14 12:52:53 INFO  [main] client.TestView: client.Controller@589b3632
2018-01-14 12:56:41 INFO  [main] client.View: java.awt.GridLayout[hgap=0,vgap=0,rows=8,cols=8]
2018-01-14 12:56:41 INFO  [main] client.TestView: client.Controller@7d68ef40
2018-01-14 13:00:01 INFO  [main] client.GamewindowJFrame: java.awt.Dimension[width=1024,height=768]
2018-01-14 13:00:01 INFO  [main] client.View: java.awt.GridLayout[hgap=0,vgap=0,rows=8,cols=8]
2018-01-14 13:00:02 INFO  [main] client.TestView: client.Controller@75c072cb
2018-01-14 13:04:17 INFO  [main] client.GamewindowJFrame: java.awt.Dimension[width=1024,height=768]
2018-01-14 13:04:17 INFO  [main] client.View: java.awt.GridLayout[hgap=0,vgap=0,rows=8,cols=8]
2018-01-14 13:04:18 INFO  [main] client.TestView: client.Controller@75c072cb
2018-01-14 13:06:49 INFO  [main] client.GamewindowJFrame: java.awt.Dimension[width=1024,height=768]
2018-01-14 13:06:49 INFO  [main] client.View: java.awt.GridLayout[hgap=0,vgap=0,rows=8,cols=8]
2018-01-14 13:06:49 INFO  [main] client.TestView: client.Controller@1f1c7bf6
2018-01-14 13:06:52 INFO  [main] client.GamewindowJFrame: java.awt.Dimension[width=1024,height=768]
2018-01-14 13:06:52 INFO  [main] client.View: java.awt.GridLayout[hgap=0,vgap=0,rows=8,cols=8]
2018-01-14 13:06:52 INFO  [main] client.TestView: client.Controller@240237d2
2018-01-14 13:07:37 INFO  [main] client.GamewindowJFrame: java.awt.Dimension[width=1024,height=768]
2018-01-14 13:07:37 INFO  [main] client.View: java.awt.GridLayout[hgap=0,vgap=0,rows=8,cols=8]
2018-01-14 13:07:37 INFO  [main] client.TestView: client.Controller@123f1134
2018-01-14 13:07:40 INFO  [main] client.GamewindowJFrame: java.awt.Dimension[width=1024,height=768]
2018-01-14 13:07:40 INFO  [main] client.View: java.awt.GridLayout[hgap=0,vgap=0,rows=8,cols=8]
2018-01-14 13:07:40 INFO  [main] client.TestView: client.Controller@240237d2
2018-01-14 13:08:07 INFO  [AWT-EventQueue-0] client.View: java.awt.Dimension[width=800,height=800]
2018-01-14 13:08:11 INFO  [AWT-EventQueue-0] client.View: java.awt.Dimension[width=800,height=800]
2018-01-14 13:11:06 INFO  [main] client.GamewindowJFrame: java.awt.Dimension[width=1014,height=738]
2018-01-14 13:11:06 INFO  [main] client.View: java.awt.GridLayout[hgap=0,vgap=0,rows=8,cols=8]
2018-01-14 13:11:07 INFO  [main] client.TestView: client.Controller@75c072cb
2018-01-14 13:11:10 INFO  [main] client.GamewindowJFrame: java.awt.Dimension[width=1014,height=738]
2018-01-14 13:11:10 INFO  [main] client.View: java.awt.GridLayout[hgap=0,vgap=0,rows=8,cols=8]
2018-01-14 13:11:10 INFO  [main] client.TestView: client.Controller@2c34f934
2018-01-14 13:11:17 INFO  [AWT-EventQueue-0] client.View: 9
2018-01-14 13:11:19 INFO  [AWT-EventQueue-0] client.View: 9
2018-01-14 13:32:33 INFO  [main] client.GamewindowJFrame: java.awt.Dimension[width=1024,height=768]
2018-01-14 13:32:33 INFO  [main] client.View: java.awt.GridLayout[hgap=0,vgap=0,rows=8,cols=8]
2018-01-14 13:32:33 INFO  [main] client.TestView: client.Controller@123f1134
2018-01-14 13:32:37 INFO  [main] client.GamewindowJFrame: java.awt.Dimension[width=1024,height=768]
2018-01-14 13:32:37 INFO  [main] client.View: java.awt.GridLayout[hgap=0,vgap=0,rows=8,cols=8]
2018-01-14 13:32:37 INFO  [main] client.TestView: client.Controller@240237d2
2018-01-14 13:32:51 INFO  [AWT-EventQueue-0] client.View: 9
2018-01-14 13:32:52 INFO  [AWT-EventQueue-0] client.View: 9
2018-01-14 13:33:04 INFO  [AWT-EventQueue-0] client.View: java.awt.Dimension[width=800,height=800]
2018-01-14 13:33:05 INFO  [AWT-EventQueue-0] client.View: java.awt.Dimension[width=109,height=200]
2018-01-14 13:44:19 INFO  [main] client.GamewindowJFrame: java.awt.Dimension[width=1024,height=768]
2018-01-14 13:44:19 INFO  [main] client.View: java.awt.GridLayout[hgap=0,vgap=0,rows=8,cols=8]
2018-01-14 13:44:20 INFO  [main] client.TestView: client.Controller@25a65b77
2018-01-14 13:44:22 INFO  [main] client.GamewindowJFrame: java.awt.Dimension[width=1014,height=738]
2018-01-14 13:44:22 INFO  [main] client.View: java.awt.GridLayout[hgap=0,vgap=0,rows=8,cols=8]
2018-01-14 13:44:22 INFO  [main] client.TestView: client.Controller@17c386de
2018-01-14 13:44:27 INFO  [AWT-EventQueue-0] client.View: 9
2018-01-14 13:44:28 INFO  [AWT-EventQueue-0] client.View: 9
2018-01-14 13:44:40 INFO  [AWT-EventQueue-0] client.View: java.awt.Dimension[width=800,height=800]
2018-01-14 13:44:42 INFO  [AWT-EventQueue-0] client.View: java.awt.Dimension[width=800,height=800]
2018-01-14 13:47:47 INFO  [main] client.GamewindowJFrame: java.awt.Dimension[width=1014,height=738]
2018-01-14 13:47:47 INFO  [main] client.View: java.awt.GridLayout[hgap=0,vgap=0,rows=8,cols=8]
2018-01-14 13:47:47 INFO  [main] client.TestView: client.Controller@240237d2
2018-01-14 13:47:50 INFO  [main] client.GamewindowJFrame: java.awt.Dimension[width=1024,height=768]
2018-01-14 13:47:50 INFO  [main] client.View: java.awt.GridLayout[hgap=0,vgap=0,rows=8,cols=8]
2018-01-14 13:47:50 INFO  [main] client.TestView: client.Controller@5ef60048
2018-01-14 13:47:56 INFO  [AWT-EventQueue-0] client.View: 9
2018-01-14 13:47:56 INFO  [AWT-EventQueue-0] client.View: 9
2018-01-14 13:48:07 INFO  [AWT-EventQueue-0] client.View: java.awt.Dimension[width=800,height=800]
2018-01-14 13:48:09 INFO  [AWT-EventQueue-0] client.View: java.awt.Dimension[width=800,height=800]
2018-01-14 14:27:49 INFO  [main] client.GamewindowJFrame: java.awt.Dimension[width=1024,height=768]
2018-01-14 14:27:49 INFO  [main] client.View: java.awt.GridLayout[hgap=0,vgap=0,rows=8,cols=8]
2018-01-14 14:34:20 INFO  [main] client.GamewindowJFrame: java.awt.Dimension[width=1024,height=768]
2018-01-14 14:34:20 INFO  [main] client.View: java.awt.GridLayout[hgap=0,vgap=0,rows=8,cols=8]
2018-01-14 14:34:59 INFO  [main] client.GamewindowJFrame: java.awt.Dimension[width=1024,height=768]
2018-01-14 14:35:00 INFO  [main] client.View: java.awt.GridLayout[hgap=0,vgap=0,rows=8,cols=8]
2018-01-14 14:35:06 INFO  [main] client.GamewindowJFrame: java.awt.Dimension[width=1024,height=768]
2018-01-14 14:35:06 INFO  [main] client.View: java.awt.GridLayout[hgap=0,vgap=0,rows=8,cols=8]
2018-01-14 14:41:15 INFO  [main] client.GamewindowJFrame: java.awt.Dimension[width=1024,height=768]
2018-01-14 14:41:15 INFO  [main] client.View: java.awt.GridLayout[hgap=0,vgap=0,rows=8,cols=8]
2018-01-14 14:45:24 INFO  [main] client.GamewindowJFrame: java.awt.Dimension[width=1024,height=768]
2018-01-14 14:45:24 INFO  [main] client.View: java.awt.GridLayout[hgap=0,vgap=0,rows=8,cols=8]
2018-01-14 14:45:33 INFO  [main] client.GamewindowJFrame: java.awt.Dimension[width=1024,height=768]
2018-01-14 14:45:33 INFO  [main] client.View: java.awt.GridLayout[hgap=0,vgap=0,rows=8,cols=8]
2018-01-14 14:45:54 INFO  [main] client.GamewindowJFrame: java.awt.Dimension[width=1014,height=738]
2018-01-14 14:45:54 INFO  [main] client.View: java.awt.GridLayout[hgap=0,vgap=0,rows=8,cols=8]
2018-01-14 14:47:02 INFO  [main] client.GamewindowJFrame: java.awt.Dimension[width=1014,height=738]
2018-01-14 14:47:02 INFO  [main] client.View: java.awt.GridLayout[hgap=0,vgap=0,rows=8,cols=8]
2018-01-14 14:47:56 INFO  [main] client.GamewindowJFrame: java.awt.Dimension[width=1014,height=738]
2018-01-14 14:47:56 INFO  [main] client.View: java.awt.GridLayout[hgap=0,vgap=0,rows=8,cols=8]
2018-01-14 14:49:02 INFO  [main] client.GamewindowJFrame: java.awt.Dimension[width=1024,height=768]
2018-01-14 14:49:02 INFO  [main] client.View: java.awt.GridLayout[hgap=0,vgap=0,rows=8,cols=8]
2018-01-14 14:49:17 INFO  [main] client.GamewindowJFrame: java.awt.Dimension[width=1014,height=738]
2018-01-14 14:49:17 INFO  [main] client.View: java.awt.GridLayout[hgap=0,vgap=0,rows=8,cols=8]
2018-01-14 14:49:25 INFO  [main] client.GamewindowJFrame: java.awt.Dimension[width=1024,height=768]
2018-01-14 14:49:25 INFO  [main] client.View: java.awt.GridLayout[hgap=0,vgap=0,rows=8,cols=8]
2018-01-14 14:49:41 INFO  [main] client.GamewindowJFrame: java.awt.Dimension[width=1024,height=768]
2018-01-14 14:49:41 INFO  [main] client.View: java.awt.GridLayout[hgap=0,vgap=0,rows=8,cols=8]
2018-01-14 14:51:29 INFO  [main] client.GamewindowJFrame: java.awt.Dimension[width=1024,height=768]
2018-01-14 14:51:29 INFO  [main] client.View: java.awt.GridLayout[hgap=0,vgap=0,rows=8,cols=8]
2018-01-14 14:52:38 INFO  [main] client.GamewindowJFrame: java.awt.Dimension[width=1014,height=738]
2018-01-14 14:52:38 INFO  [main] client.View: java.awt.GridLayout[hgap=0,vgap=0,rows=8,cols=8]
2018-01-14 14:52:39 INFO  [main] client.GamewindowJFrame: java.awt.Dimension[width=1024,height=768]
2018-01-14 14:52:39 INFO  [main] client.View: java.awt.GridLayout[hgap=0,vgap=0,rows=8,cols=8]
2018-01-14 14:53:50 INFO  [main] client.GamewindowJFrame: java.awt.Dimension[width=1024,height=768]
2018-01-14 14:53:51 INFO  [main] client.View: java.awt.GridLayout[hgap=0,vgap=0,rows=8,cols=8]
2018-01-14 14:53:51 INFO  [main] client.GamewindowJFrame: java.awt.Dimension[width=1024,height=768]
2018-01-14 14:53:51 INFO  [main] client.View: java.awt.GridLayout[hgap=0,vgap=0,rows=8,cols=8]
2018-01-14 14:59:42 INFO  [main] client.GamewindowJFrame: java.awt.Dimension[width=1014,height=738]
2018-01-14 14:59:42 INFO  [main] client.View: java.awt.GridLayout[hgap=0,vgap=0,rows=8,cols=8]
2018-01-14 15:01:15 INFO  [main] client.GamewindowJFrame: java.awt.Dimension[width=1024,height=768]
2018-01-14 15:01:15 INFO  [main] client.View: java.awt.GridLayout[hgap=0,vgap=0,rows=8,cols=8]
2018-01-14 15:01:31 INFO  [main] client.GamewindowJFrame: java.awt.Dimension[width=1024,height=768]
2018-01-14 15:01:31 INFO  [main] client.View: java.awt.GridLayout[hgap=0,vgap=0,rows=8,cols=8]
2018-01-14 15:03:59 INFO  [main] client.GamewindowJFrame: java.awt.Dimension[width=1014,height=738]
2018-01-14 15:03:59 INFO  [main] client.View: java.awt.GridLayout[hgap=0,vgap=0,rows=8,cols=8]
2018-01-14 15:04:07 INFO  [main] client.GamewindowJFrame: java.awt.Dimension[width=1024,height=768]
2018-01-14 15:04:07 INFO  [main] client.View: java.awt.GridLayout[hgap=0,vgap=0,rows=8,cols=8]
2018-01-14 15:04:48 INFO  [main] client.GamewindowJFrame: java.awt.Dimension[width=1024,height=768]
2018-01-14 15:04:48 INFO  [main] client.View: java.awt.GridLayout[hgap=0,vgap=0,rows=8,cols=8]
2018-01-14 15:06:36 INFO  [main] client.GamewindowJFrame: java.awt.Dimension[width=1014,height=738]
2018-01-14 15:06:36 INFO  [main] client.View: java.awt.GridLayout[hgap=0,vgap=0,rows=8,cols=8]
2018-01-14 15:06:53 INFO  [main] client.GamewindowJFrame: java.awt.Dimension[width=1024,height=768]
2018-01-14 15:06:54 INFO  [main] client.View: java.awt.GridLayout[hgap=0,vgap=0,rows=8,cols=8]
2018-01-14 15:07:33 INFO  [main] client.GamewindowJFrame: java.awt.Dimension[width=1014,height=738]
2018-01-14 15:07:33 INFO  [main] client.View: java.awt.GridLayout[hgap=0,vgap=0,rows=8,cols=8]
2018-01-14 15:07:37 INFO  [main] client.GamewindowJFrame: java.awt.Dimension[width=1024,height=768]
2018-01-14 15:07:37 INFO  [main] client.View: java.awt.GridLayout[hgap=0,vgap=0,rows=8,cols=8]
2018-01-14 15:08:00 INFO  [main] client.GamewindowJFrame: java.awt.Dimension[width=1024,height=768]
2018-01-14 15:08:00 INFO  [main] client.View: java.awt.GridLayout[hgap=0,vgap=0,rows=8,cols=8]
2018-01-14 15:12:05 INFO  [main] client.GamewindowJFrame: java.awt.Dimension[width=1024,height=768]
2018-01-14 15:12:05 INFO  [main] client.View: java.awt.GridLayout[hgap=0,vgap=0,rows=8,cols=8]
2018-01-14 15:12:05 INFO  [main] client.View: 9
2018-01-14 15:14:03 INFO  [main] client.GamewindowJFrame: java.awt.Dimension[width=1024,height=768]
2018-01-14 15:14:03 INFO  [main] client.View: java.awt.GridLayout[hgap=0,vgap=0,rows=8,cols=8]
2018-01-14 15:14:03 INFO  [main] client.View: 9
2018-01-14 15:14:23 INFO  [main] client.GamewindowJFrame: java.awt.Dimension[width=1014,height=738]
2018-01-14 15:14:23 INFO  [main] client.View: java.awt.GridLayout[hgap=0,vgap=0,rows=8,cols=8]
2018-01-14 15:14:23 INFO  [main] client.View: 9
2018-01-14 15:14:23 INFO  [main] client.GamewindowJFrame: java.awt.Dimension[width=1024,height=768]
2018-01-14 15:14:23 INFO  [main] client.View: java.awt.GridLayout[hgap=0,vgap=0,rows=8,cols=8]
2018-01-14 15:14:24 INFO  [main] client.View: 9
2018-01-14 15:14:24 INFO  [main] client.GamewindowJFrame: java.awt.Dimension[width=1024,height=768]
2018-01-14 15:14:24 INFO  [main] client.View: java.awt.GridLayout[hgap=0,vgap=0,rows=8,cols=8]
2018-01-14 15:14:24 INFO  [main] client.GamewindowJFrame: java.awt.Dimension[width=1024,height=768]
2018-01-14 15:14:24 INFO  [main] client.View: java.awt.GridLayout[hgap=0,vgap=0,rows=8,cols=8]
2018-01-14 15:14:24 INFO  [main] client.View: 9
2018-01-14 15:15:57 INFO  [main] client.GamewindowJFrame: java.awt.Dimension[width=1014,height=738]
2018-01-14 15:15:57 INFO  [main] client.View: java.awt.GridLayout[hgap=0,vgap=0,rows=8,cols=8]
2018-01-14 15:15:57 INFO  [main] client.View: 9
2018-01-14 15:15:57 INFO  [main] client.GamewindowJFrame: java.awt.Dimension[width=1024,height=768]
2018-01-14 15:15:57 INFO  [main] client.View: java.awt.GridLayout[hgap=0,vgap=0,rows=8,cols=8]
2018-01-14 15:15:57 INFO  [main] client.View: 9
2018-01-14 15:15:57 INFO  [main] client.GamewindowJFrame: java.awt.Dimension[width=1024,height=768]
2018-01-14 15:15:57 INFO  [main] client.View: java.awt.GridLayout[hgap=0,vgap=0,rows=8,cols=8]
2018-01-14 15:15:57 INFO  [main] client.View: 9
2018-01-14 15:15:57 INFO  [main] client.GamewindowJFrame: java.awt.Dimension[width=1024,height=768]
2018-01-14 15:15:57 INFO  [main] client.View: java.awt.GridLayout[hgap=0,vgap=0,rows=8,cols=8]
2018-01-14 15:15:58 INFO  [main] client.GamewindowJFrame: java.awt.Dimension[width=1024,height=768]
2018-01-14 15:15:58 INFO  [main] client.View: java.awt.GridLayout[hgap=0,vgap=0,rows=8,cols=8]
2018-01-14 15:15:58 INFO  [main] client.View: 9
2018-01-14 15:18:53 INFO  [main] client.GamewindowJFrame: java.awt.Dimension[width=1024,height=768]
2018-01-14 15:18:54 INFO  [main] client.View: java.awt.GridLayout[hgap=0,vgap=0,rows=8,cols=8]
2018-01-14 15:18:54 INFO  [main] client.View: 9
2018-01-14 15:18:54 INFO  [main] client.GamewindowJFrame: java.awt.Dimension[width=1024,height=768]
2018-01-14 15:18:54 INFO  [main] client.View: java.awt.GridLayout[hgap=0,vgap=0,rows=8,cols=8]
2018-01-14 15:18:54 INFO  [main] client.View: 9
2018-01-14 15:18:54 INFO  [main] client.GamewindowJFrame: java.awt.Dimension[width=1024,height=768]
2018-01-14 15:18:54 INFO  [main] client.View: java.awt.GridLayout[hgap=0,vgap=0,rows=8,cols=8]
2018-01-14 15:18:54 INFO  [main] client.View: 9
2018-01-14 15:18:54 INFO  [main] client.GamewindowJFrame: java.awt.Dimension[width=1024,height=768]
2018-01-14 15:18:54 INFO  [main] client.View: java.awt.GridLayout[hgap=0,vgap=0,rows=8,cols=8]
2018-01-14 15:18:54 INFO  [main] client.View: 9
2018-01-14 15:18:54 INFO  [main] client.GamewindowJFrame: java.awt.Dimension[width=1024,height=768]
2018-01-14 15:18:54 INFO  [main] client.View: java.awt.GridLayout[hgap=0,vgap=0,rows=8,cols=8]
2018-01-14 15:18:54 INFO  [main] client.GamewindowJFrame: java.awt.Dimension[width=1024,height=768]
2018-01-14 15:18:54 INFO  [main] client.View: java.awt.GridLayout[hgap=0,vgap=0,rows=8,cols=8]
2018-01-14 15:18:55 INFO  [main] client.View: 9
2018-01-14 15:26:50 INFO  [main] client.GamewindowJFrame: java.awt.Dimension[width=1024,height=768]
2018-01-14 15:26:50 INFO  [main] client.View: java.awt.GridLayout[hgap=0,vgap=0,rows=8,cols=8]
2018-01-14 15:31:19 INFO  [main] client.GamewindowJFrame: java.awt.Dimension[width=1024,height=768]
2018-01-14 15:31:19 INFO  [main] client.View: java.awt.GridLayout[hgap=0,vgap=0,rows=8,cols=8]
2018-01-14 15:32:10 INFO  [main] client.GamewindowJFrame: java.awt.Dimension[width=1014,height=738]
2018-01-14 15:32:10 INFO  [main] client.View: java.awt.GridLayout[hgap=0,vgap=0,rows=8,cols=8]
2018-01-14 15:33:03 INFO  [main] client.GamewindowJFrame: java.awt.Dimension[width=1024,height=768]
2018-01-14 15:33:03 INFO  [main] client.View: java.awt.GridLayout[hgap=0,vgap=0,rows=8,cols=8]
2018-01-14 15:33:12 INFO  [main] client.GamewindowJFrame: java.awt.Dimension[width=1024,height=768]
2018-01-14 15:33:12 INFO  [main] client.View: java.awt.GridLayout[hgap=0,vgap=0,rows=8,cols=8]
2018-01-14 15:33:20 INFO  [main] client.GamewindowJFrame: java.awt.Dimension[width=1024,height=768]
2018-01-14 15:33:20 INFO  [main] client.View: java.awt.GridLayout[hgap=0,vgap=0,rows=8,cols=8]
2018-01-14 15:36:50 INFO  [main] client.GamewindowJFrame: java.awt.Dimension[width=1024,height=768]
2018-01-14 15:36:50 INFO  [main] client.View: java.awt.GridLayout[hgap=0,vgap=0,rows=8,cols=8]
2018-01-14 15:37:08 INFO  [main] client.GamewindowJFrame: java.awt.Dimension[width=1024,height=768]
2018-01-14 15:37:08 INFO  [main] client.View: java.awt.GridLayout[hgap=0,vgap=0,rows=8,cols=8]
2018-01-14 15:39:36 INFO  [main] client.GamewindowJFrame: java.awt.Dimension[width=1024,height=768]
2018-01-14 15:39:36 INFO  [main] client.View: java.awt.GridLayout[hgap=0,vgap=0,rows=8,cols=8]
2018-01-14 16:00:02 INFO  [main] client.GamewindowJFrame: java.awt.Dimension[width=1024,height=768]
2018-01-14 16:00:02 INFO  [main] client.View: java.awt.GridLayout[hgap=0,vgap=0,rows=8,cols=8]
2018-01-14 16:00:02 INFO  [main] client.TestView: client.Controller@2aece37d
2018-01-14 16:00:17 INFO  [main] client.GamewindowJFrame: java.awt.Dimension[width=1024,height=768]
2018-01-14 16:00:17 INFO  [main] client.View: java.awt.GridLayout[hgap=0,vgap=0,rows=8,cols=8]
2018-01-14 16:00:17 INFO  [main] client.TestView: client.Controller@50a7bc6e
2018-01-14 16:00:24 INFO  [AWT-EventQueue-0] client.View: 9
2018-01-14 16:00:28 INFO  [AWT-EventQueue-0] client.View: 9
2018-01-14 16:00:41 INFO  [AWT-EventQueue-0] client.View: java.awt.Dimension[width=800,height=800]
2018-01-14 16:00:43 INFO  [AWT-EventQueue-0] client.View: java.awt.Dimension[width=800,height=800]
2018-01-14 20:09:22 INFO  [main] client.GamewindowJFrame: java.awt.Dimension[width=1024,height=768]
2018-01-14 20:09:22 INFO  [main] client.View: java.awt.GridLayout[hgap=0,vgap=0,rows=8,cols=8]
2018-01-14 20:09:22 INFO  [main] client.TestView: client.Controller@3c87521
2018-01-14 20:10:04 INFO  [AWT-EventQueue-0] client.View: 9
2018-01-14 20:10:28 INFO  [main] client.GamewindowJFrame: java.awt.Dimension[width=1014,height=738]
2018-01-14 20:10:28 INFO  [main] client.View: java.awt.GridLayout[hgap=0,vgap=0,rows=8,cols=8]
2018-01-14 20:10:28 INFO  [main] client.TestView: client.Controller@2aece37d
2018-01-14 20:10:31 INFO  [main] client.GamewindowJFrame: java.awt.Dimension[width=1024,height=768]
2018-01-14 20:10:31 INFO  [main] client.View: java.awt.GridLayout[hgap=0,vgap=0,rows=8,cols=8]
2018-01-14 20:10:31 INFO  [main] client.TestView: client.Controller@161b062a
2018-01-14 20:11:04 INFO  [AWT-EventQueue-0] client.View: 9
2018-01-14 20:11:05 INFO  [AWT-EventQueue-0] client.View: 9
2018-01-14 20:11:22 INFO  [AWT-EventQueue-0] client.View: java.awt.Dimension[width=800,height=800]
2018-01-14 20:11:23 INFO  [AWT-EventQueue-0] client.View: java.awt.Dimension[width=800,height=800]
2018-01-14 20:15:25 INFO  [main] client.GamewindowJFrame: java.awt.Dimension[width=1024,height=768]
2018-01-14 20:15:25 INFO  [main] client.View: java.awt.GridLayout[hgap=0,vgap=0,rows=8,cols=8]
2018-01-14 20:15:26 INFO  [main] client.TestView: client.Controller@2aece37d
2018-01-14 20:15:28 INFO  [main] client.GamewindowJFrame: java.awt.Dimension[width=1024,height=768]
2018-01-14 20:15:28 INFO  [main] client.View: java.awt.GridLayout[hgap=0,vgap=0,rows=8,cols=8]
2018-01-14 20:15:28 INFO  [main] client.TestView: client.Controller@16aa0a0a
2018-01-14 20:15:34 INFO  [AWT-EventQueue-0] client.View: 9
2018-01-14 20:15:35 INFO  [AWT-EventQueue-0] client.View: 9
2018-01-14 20:15:44 INFO  [AWT-EventQueue-0] client.View: java.awt.Dimension[width=800,height=800]
2018-01-14 20:15:46 INFO  [AWT-EventQueue-0] client.View: java.awt.Dimension[width=800,height=800]
2018-01-14 20:16:14 INFO  [main] client.GamewindowJFrame: java.awt.Dimension[width=1024,height=768]
2018-01-14 20:16:14 INFO  [main] client.View: java.awt.GridLayout[hgap=0,vgap=0,rows=8,cols=8]
2018-01-14 20:16:14 INFO  [main] client.TestView: client.Controller@3c87521
2018-01-14 20:16:17 INFO  [main] client.GamewindowJFrame: java.awt.Dimension[width=1024,height=768]
2018-01-14 20:16:17 INFO  [main] client.View: java.awt.GridLayout[hgap=0,vgap=0,rows=8,cols=8]
2018-01-14 20:16:17 INFO  [main] client.TestView: client.Controller@161b062a
2018-01-14 20:16:23 INFO  [AWT-EventQueue-0] client.View: 9
2018-01-14 20:16:24 INFO  [AWT-EventQueue-0] client.View: 9
2018-01-14 20:16:36 INFO  [AWT-EventQueue-0] client.View: java.awt.Dimension[width=800,height=800]
2018-01-14 20:16:38 INFO  [AWT-EventQueue-0] client.View: java.awt.Dimension[width=800,height=800]
